<?xml version="1.0" encoding="UTF-8"?>
<testng-results skipped="0" failed="0" ignored="0" total="1" passed="1">
  <reporter-output>
  </reporter-output>
  <suite name="Default suite" duration-ms="2378386" started-at="2018-08-10T09:22:04Z" finished-at="2018-08-10T10:01:42Z">
    <groups>
    </groups>
    <test name="Default test" duration-ms="2378386" started-at="2018-08-10T09:22:04Z" finished-at="2018-08-10T10:01:42Z">
      <class name="com.phfi.StudyCreation.Execution.StudyCreationExecution">
        <test-method status="PASS" signature="beforeMethod()[pri:0, instance:com.phfi.StudyCreation.Execution.StudyCreationExecution@91161c7]" name="beforeMethod" is-config="true" duration-ms="13000" started-at="2018-08-10T14:52:04Z" finished-at="2018-08-10T14:52:17Z">
          <reporter-output>
          </reporter-output>
        </test-method> <!-- beforeMethod -->
        <test-method status="PASS" signature="exctractData()[pri:0, instance:com.phfi.StudyCreation.Execution.StudyCreationExecution@91161c7]" name="exctractData" duration-ms="2364570" started-at="2018-08-10T14:52:17Z" finished-at="2018-08-10T15:31:42Z">
          <reporter-output>
          </reporter-output>
        </test-method> <!-- exctractData -->
      </class> <!-- com.phfi.StudyCreation.Execution.StudyCreationExecution -->
    </test> <!-- Default test -->
  </suite> <!-- Default suite -->
</testng-results>
